2023-04-17 16:45:04,951 INFO org.springframework.boot.StartupInfoLogger [main] Starting HappDeporteApplication using Java 17.0.4.1 on Optimus10 with PID 24464 (H:\Grapo DAM\8 Acceso a datos\AP\happDeporte\target\classes started by German in H:\Grapo DAM\8 Acceso a datos\AP\happDeporte)
2023-04-17 16:45:04,951 DEBUG org.jboss.logging.LoggerProviders [background-preinit] Logging Provider: org.jboss.logging.Log4j2LoggerProvider
2023-04-17 16:45:04,956 DEBUG org.springframework.boot.StartupInfoLogger [main] Running with Spring Boot v2.7.5, Spring v5.3.23
2023-04-17 16:45:04,957 INFO org.springframework.boot.SpringApplication [main] No active profile set, falling back to 1 default profile: "default"
2023-04-17 16:45:06,602 INFO org.apache.juli.logging.DirectJDKLog [main] Initializing ProtocolHandler ["http-nio-8080"]
2023-04-17 16:45:06,603 INFO org.apache.juli.logging.DirectJDKLog [main] Starting service [Tomcat]
2023-04-17 16:45:06,604 INFO org.apache.juli.logging.DirectJDKLog [main] Starting Servlet engine: [Apache Tomcat/9.0.68]
2023-04-17 16:45:06,821 INFO org.apache.juli.logging.DirectJDKLog [main] Initializing Spring embedded WebApplicationContext
2023-04-17 16:45:06,940 DEBUG com.zaxxer.hikari.HikariConfig [main] Driver class org.h2.Driver found in Thread context class loader jdk.internal.loader.ClassLoaders$AppClassLoader@2a139a55
2023-04-17 16:45:07,393 DEBUG com.zaxxer.hikari.HikariConfig [main] HikariPool-1 - configuration:
2023-04-17 16:45:07,397 DEBUG com.zaxxer.hikari.HikariConfig [main] allowPoolSuspension................................false
2023-04-17 16:45:07,402 DEBUG com.zaxxer.hikari.HikariConfig [main] autoCommit................................true
2023-04-17 16:45:07,403 DEBUG com.zaxxer.hikari.HikariConfig [main] catalog................................none
2023-04-17 16:45:07,403 DEBUG com.zaxxer.hikari.HikariConfig [main] connectionInitSql................................none
2023-04-17 16:45:07,404 DEBUG com.zaxxer.hikari.HikariConfig [main] connectionTestQuery................................none
2023-04-17 16:45:07,405 DEBUG com.zaxxer.hikari.HikariConfig [main] connectionTimeout................................30000
2023-04-17 16:45:07,405 DEBUG com.zaxxer.hikari.HikariConfig [main] dataSource................................none
2023-04-17 16:45:07,406 DEBUG com.zaxxer.hikari.HikariConfig [main] dataSourceClassName................................none
2023-04-17 16:45:07,406 DEBUG com.zaxxer.hikari.HikariConfig [main] dataSourceJNDI................................none
2023-04-17 16:45:07,407 DEBUG com.zaxxer.hikari.HikariConfig [main] dataSourceProperties................................{password=<masked>}
2023-04-17 16:45:07,408 DEBUG com.zaxxer.hikari.HikariConfig [main] driverClassName................................"org.h2.Driver"
2023-04-17 16:45:07,408 DEBUG com.zaxxer.hikari.HikariConfig [main] exceptionOverrideClassName................................none
2023-04-17 16:45:07,409 DEBUG com.zaxxer.hikari.HikariConfig [main] healthCheckProperties................................{}
2023-04-17 16:45:07,409 DEBUG com.zaxxer.hikari.HikariConfig [main] healthCheckRegistry................................none
2023-04-17 16:45:07,410 DEBUG com.zaxxer.hikari.HikariConfig [main] idleTimeout................................600000
2023-04-17 16:45:07,410 DEBUG com.zaxxer.hikari.HikariConfig [main] initializationFailTimeout................................1
2023-04-17 16:45:07,411 DEBUG com.zaxxer.hikari.HikariConfig [main] isolateInternalQueries................................false
2023-04-17 16:45:07,411 DEBUG com.zaxxer.hikari.HikariConfig [main] jdbcUrl................................jdbc:h2:file:H:/BBDD/happdeporte.db
2023-04-17 16:45:07,411 DEBUG com.zaxxer.hikari.HikariConfig [main] keepaliveTime................................0
2023-04-17 16:45:07,412 DEBUG com.zaxxer.hikari.HikariConfig [main] leakDetectionThreshold................................0
2023-04-17 16:45:07,412 DEBUG com.zaxxer.hikari.HikariConfig [main] maxLifetime................................1800000
2023-04-17 16:45:07,413 DEBUG com.zaxxer.hikari.HikariConfig [main] maximumPoolSize................................10
2023-04-17 16:45:07,414 DEBUG com.zaxxer.hikari.HikariConfig [main] metricRegistry................................none
2023-04-17 16:45:07,414 DEBUG com.zaxxer.hikari.HikariConfig [main] metricsTrackerFactory................................none
2023-04-17 16:45:07,414 DEBUG com.zaxxer.hikari.HikariConfig [main] minimumIdle................................10
2023-04-17 16:45:07,415 DEBUG com.zaxxer.hikari.HikariConfig [main] password................................<masked>
2023-04-17 16:45:07,415 DEBUG com.zaxxer.hikari.HikariConfig [main] poolName................................"HikariPool-1"
2023-04-17 16:45:07,417 DEBUG com.zaxxer.hikari.HikariConfig [main] readOnly................................false
2023-04-17 16:45:07,418 DEBUG com.zaxxer.hikari.HikariConfig [main] registerMbeans................................false
2023-04-17 16:45:07,418 DEBUG com.zaxxer.hikari.HikariConfig [main] scheduledExecutor................................none
2023-04-17 16:45:07,419 DEBUG com.zaxxer.hikari.HikariConfig [main] schema................................none
2023-04-17 16:45:07,419 DEBUG com.zaxxer.hikari.HikariConfig [main] threadFactory................................internal
2023-04-17 16:45:07,420 DEBUG com.zaxxer.hikari.HikariConfig [main] transactionIsolation................................default
2023-04-17 16:45:07,420 DEBUG com.zaxxer.hikari.HikariConfig [main] username................................"sa"
2023-04-17 16:45:07,421 DEBUG com.zaxxer.hikari.HikariConfig [main] validationTimeout................................5000
2023-04-17 16:45:07,422 INFO com.zaxxer.hikari.HikariDataSource [main] HikariPool-1 - Starting...
2023-04-17 16:45:07,756 DEBUG com.zaxxer.hikari.pool.HikariPool [main] HikariPool-1 - Added connection conn0: url=jdbc:h2:file:H:/BBDD/happdeporte.db user=SA
2023-04-17 16:45:07,757 INFO com.zaxxer.hikari.HikariDataSource [main] HikariPool-1 - Start completed.
2023-04-17 16:45:07,866 DEBUG com.zaxxer.hikari.pool.HikariPool [HikariPool-1 housekeeper] HikariPool-1 - Pool stats (total=1, active=0, idle=1, waiting=0)
2023-04-17 16:45:07,867 DEBUG com.zaxxer.hikari.pool.HikariPool$PoolEntryCreator [HikariPool-1 connection adder] HikariPool-1 - Added connection conn1: url=jdbc:h2:file:H:/BBDD/happdeporte.db user=SA
2023-04-17 16:45:07,869 DEBUG com.zaxxer.hikari.pool.HikariPool$PoolEntryCreator [HikariPool-1 connection adder] HikariPool-1 - Added connection conn2: url=jdbc:h2:file:H:/BBDD/happdeporte.db user=SA
2023-04-17 16:45:07,870 DEBUG com.zaxxer.hikari.pool.HikariPool$PoolEntryCreator [HikariPool-1 connection adder] HikariPool-1 - Added connection conn3: url=jdbc:h2:file:H:/BBDD/happdeporte.db user=SA
2023-04-17 16:45:07,871 DEBUG com.zaxxer.hikari.pool.HikariPool$PoolEntryCreator [HikariPool-1 connection adder] HikariPool-1 - Added connection conn4: url=jdbc:h2:file:H:/BBDD/happdeporte.db user=SA
2023-04-17 16:45:07,873 DEBUG com.zaxxer.hikari.pool.HikariPool$PoolEntryCreator [HikariPool-1 connection adder] HikariPool-1 - Added connection conn5: url=jdbc:h2:file:H:/BBDD/happdeporte.db user=SA
2023-04-17 16:45:07,874 DEBUG com.zaxxer.hikari.pool.HikariPool$PoolEntryCreator [HikariPool-1 connection adder] HikariPool-1 - Added connection conn6: url=jdbc:h2:file:H:/BBDD/happdeporte.db user=SA
2023-04-17 16:45:07,875 DEBUG com.zaxxer.hikari.pool.HikariPool$PoolEntryCreator [HikariPool-1 connection adder] HikariPool-1 - Added connection conn7: url=jdbc:h2:file:H:/BBDD/happdeporte.db user=SA
2023-04-17 16:45:07,877 DEBUG com.zaxxer.hikari.pool.HikariPool$PoolEntryCreator [HikariPool-1 connection adder] HikariPool-1 - Added connection conn8: url=jdbc:h2:file:H:/BBDD/happdeporte.db user=SA
2023-04-17 16:45:07,878 DEBUG com.zaxxer.hikari.pool.HikariPool$PoolEntryCreator [HikariPool-1 connection adder] HikariPool-1 - Added connection conn9: url=jdbc:h2:file:H:/BBDD/happdeporte.db user=SA
2023-04-17 16:45:07,878 DEBUG com.zaxxer.hikari.pool.HikariPool [HikariPool-1 connection adder] HikariPool-1 - After adding stats (total=10, active=0, idle=10, waiting=0)
2023-04-17 16:45:09,152 WARN org.springframework.boot.autoconfigure.orm.jpa.JpaBaseConfiguration$JpaWebConfiguration [main] spring.jpa.open-in-view is enabled by default. Therefore, database queries may be performed during view rendering. Explicitly configure spring.jpa.open-in-view to disable this warning
2023-04-17 16:45:09,618 DEBUG org.springframework.web.servlet.handler.AbstractHandlerMethodMapping [main] 
	c.s.h.c.ClothesController:
	{DELETE [/clothes/{id}]}: deleteById(long)
	{POST [/players/{playerId}/clothes]}: addClothes(long,Clothes)
	{PUT [/clothes/{idClothes}/players/{idPlayers}]}: modifyClothes(long,long,Clothes)
	{GET [/clothes]}: getClothes(String,String,String)
	{GET [/clothes/{id}]}: getClothesId(long)
2023-04-17 16:45:09,622 DEBUG org.springframework.web.servlet.handler.AbstractHandlerMethodMapping [main] 
	c.s.h.c.MatchController:
	{GET [/matches/{id}]}: findById(long)
	{POST [/teams/{teamId}/matches]}: addMatch(long,Match)
	{PUT [/matches/{idMatches}/teams/{idTeams}]}: modifyMatch(long,long,Match)
	{DELETE [/matches/{id}]}: deleteMatch(long)
	{GET [/matches]}: getMatches(String,String,String)
2023-04-17 16:45:09,624 DEBUG org.springframework.web.servlet.handler.AbstractHandlerMethodMapping [main] 
	c.s.h.c.PlayerController:
	{GET [/players/{id}]}: getPlayerId(long)
	{GET [/players]}: getPlayers(String,String,String)
	{PUT [/players/{idPlayer}/users/{idUser}]}: modifyPlayer(long,long,Player)
	{DELETE [/players/{id}]}: deletePlayer(long)
	{POST [/users/{userId}/players]}: addPlayer(long,Player)
	{GET [/player]}: getPlayerSexOrder(String,String)
2023-04-17 16:45:09,627 DEBUG org.springframework.web.servlet.handler.AbstractHandlerMethodMapping [main] 
	c.s.h.c.TeamController:
	{GET [/teams/{id}]}: findById(long)
	{POST [/users/{userId}/teams]}: addTeam(long,Team)
	{PUT [/teams/{idTeam}/users/{idUser}]}: modifyTeam(long,long,Team)
	{DELETE [/teams/{id}]}: deleteTeam(long)
	{GET [/teams]}: getTeams(String,String,String)
	{GET [/team]}: getTeamByUser(String,String)
2023-04-17 16:45:09,629 DEBUG org.springframework.web.servlet.handler.AbstractHandlerMethodMapping [main] 
	c.s.h.c.UserController:
	{POST [/users]}: addUser(User)
	{DELETE [/users/{id}]}: deleteUser(long)
	{PUT [/users/{id}]}: modifyUser(long,User)
	{GET [/users/username/{username}]}: getUser(String)
	{GET [/users]}: getUsers(String,String,String)
	{GET [/users/{id}]}: getUserId(long)
2023-04-17 16:45:09,634 DEBUG org.springframework.web.servlet.handler.AbstractHandlerMethodMapping [main] 
	o.s.b.a.w.s.e.BasicErrorController:
	{ [/error]}: error(HttpServletRequest)
	{ [/error], produces [text/html]}: errorHtml(HttpServletRequest,HttpServletResponse)
2023-04-17 16:45:09,651 DEBUG org.springframework.web.servlet.handler.AbstractDetectingUrlHandlerMapping [main] 'beanNameHandlerMapping' {}
2023-04-17 16:45:09,676 DEBUG org.springframework.web.servlet.handler.SimpleUrlHandlerMapping [main] 'resourceHandlerMapping' {/webjars/**=ResourceHttpRequestHandler [classpath [META-INF/resources/webjars/]], /**=ResourceHttpRequestHandler [classpath [META-INF/resources/], classpath [resources/], classpath [static/], classpath [public/], ServletContext [/]]}
2023-04-17 16:45:09,891 DEBUG org.springframework.web.servlet.handler.AbstractHandlerMethodMapping [main] 
	o.s.d.r.w.RepositoryController:
	{OPTIONS [/ || ], produces [application/hal+json || application/json || application/prs.hal-forms+json]}: optionsForRepositories()
	{HEAD [/ || ], produces [application/hal+json || application/json || application/prs.hal-forms+json]}: headForRepositories()
	{GET [/ || ], produces [application/hal+json || application/json || application/prs.hal-forms+json]}: listRepositories()
2023-04-17 16:45:09,896 DEBUG org.springframework.web.servlet.handler.AbstractHandlerMethodMapping [main] 
	o.s.d.r.w.RepositoryEntityController:
	{GET [/{repository}], produces [application/hal+json || application/json || application/prs.hal-forms+json]}: getCollectionResource(RootResourceInformation,DefaultedPageable,Sort,PersistentEntityResourceAssembler)
	{POST [/{repository}], produces [application/hal+json || application/json || application/prs.hal-forms+json]}: postCollectionResource(RootResourceInformation,PersistentEntityResource,PersistentEntityResourceAssembler,String)
	{OPTIONS [/{repository}/{id}], produces [application/hal+json || application/json || application/prs.hal-forms+json]}: optionsForItemResource(RootResourceInformation)
	{OPTIONS [/{repository}], produces [application/hal+json || application/json || application/prs.hal-forms+json]}: optionsForCollectionResource(RootResourceInformation)
	{HEAD [/{repository}/{id}], produces [application/hal+json || application/json || application/prs.hal-forms+json]}: headForItemResource(RootResourceInformation,Serializable,PersistentEntityResourceAssembler)
	{GET [/{repository}], produces [application/x-spring-data-compact+json || text/uri-list]}: getCollectionResourceCompact(RootResourceInformation,DefaultedPageable,Sort,PersistentEntityResourceAssembler)
	{HEAD [/{repository}], produces [application/hal+json || application/json || application/prs.hal-forms+json]}: headCollectionResource(RootResourceInformation,DefaultedPageable)
	{PATCH [/{repository}/{id}], produces [application/hal+json || application/json || application/prs.hal-forms+json]}: patchItemResource(RootResourceInformation,PersistentEntityResource,Serializable,PersistentEntityResourceAssembler,ETag,String)
	{DELETE [/{repository}/{id}], produces [application/hal+json || application/json || application/prs.hal-forms+json]}: deleteItemResource(RootResourceInformation,Serializable,ETag)
	{GET [/{repository}/{id}], produces [application/hal+json || application/json || application/prs.hal-forms+json]}: getItemResource(RootResourceInformation,Serializable,PersistentEntityResourceAssembler,HttpHeaders)
	{PUT [/{repository}/{id}], produces [application/hal+json || application/json || application/prs.hal-forms+json]}: putItemResource(RootResourceInformation,PersistentEntityResource,Serializable,PersistentEntityResourceAssembler,ETag,String)
2023-04-17 16:45:09,901 DEBUG org.springframework.web.servlet.handler.AbstractHandlerMethodMapping [main] 
	o.s.d.r.w.RepositoryPropertyReferenceController:
	{GET [/{repository}/{id}/{property}/{propertyId}], produces [application/hal+json || application/json || application/prs.hal-forms+json]}: followPropertyReference(RootResourceInformation,Serializable,String,String,PersistentEntityResourceAssembler)
	{GET [/{repository}/{id}/{property}], produces [application/hal+json || application/json || application/prs.hal-forms+json]}: followPropertyReference(RootResourceInformation,Serializable,String,PersistentEntityResourceAssembler)
	{[PATCH, PUT, POST] [/{repository}/{id}/{property}], consumes [application/json || application/x-spring-data-compact+json || text/uri-list], produces [application/hal+json || application/json || application/prs.hal-forms+json]}: createPropertyReference(RootResourceInformation,HttpMethod,CollectionModel,Serializable,String)
	{DELETE [/{repository}/{id}/{property}/{propertyId}], produces [application/hal+json || application/json || application/prs.hal-forms+json]}: deletePropertyReferenceId(RootResourceInformation,Serializable,String,String)
	{GET [/{repository}/{id}/{property}], produces [text/uri-list]}: followPropertyReferenceCompact(RootResourceInformation,Serializable,String,HttpHeaders,PersistentEntityResourceAssembler)
	{DELETE [/{repository}/{id}/{property}], produces [application/hal+json || application/json || application/prs.hal-forms+json]}: deletePropertyReference(RootResourceInformation,Serializable,String)
2023-04-17 16:45:09,907 DEBUG org.springframework.web.servlet.handler.AbstractHandlerMethodMapping [main] 
	o.s.d.r.w.RepositorySearchController:
	{GET [/{repository}/search/{search}], produces [application/x-spring-data-compact+json]}: executeSearchCompact(RootResourceInformation,HttpHeaders,MultiValueMap,String,String,DefaultedPageable,Sort,PersistentEntityResourceAssembler)
	{OPTIONS [/{repository}/search], produces [application/hal+json || application/json || application/prs.hal-forms+json]}: optionsForSearches(RootResourceInformation)
	{HEAD [/{repository}/search], produces [application/hal+json || application/json || application/prs.hal-forms+json]}: headForSearches(RootResourceInformation)
	{GET [/{repository}/search/{search}], produces [application/hal+json || application/json || application/prs.hal-forms+json]}: executeSearch(RootResourceInformation,MultiValueMap,String,DefaultedPageable,Sort,PersistentEntityResourceAssembler,HttpHeaders)
	{GET [/{repository}/search], produces [application/hal+json || application/json || application/prs.hal-forms+json]}: listSearches(RootResourceInformation)
	{OPTIONS [/{repository}/search/{search}], produces [application/hal+json || application/json || application/prs.hal-forms+json]}: optionsForSearch(RootResourceInformation,String)
	{HEAD [/{repository}/search/{search}], produces [application/hal+json || application/json || application/prs.hal-forms+json]}: headForSearch(RootResourceInformation,String)
2023-04-17 16:45:09,911 DEBUG org.springframework.web.servlet.handler.AbstractHandlerMethodMapping [main] 
	o.s.d.r.w.RepositorySchemaController:
	{GET [/profile/{repository}], produces [application/schema+json]}: schema(RootResourceInformation)
2023-04-17 16:45:09,913 DEBUG org.springframework.web.servlet.handler.AbstractHandlerMethodMapping [main] 
	o.s.d.r.w.a.AlpsController:
	{GET [/profile/{repository}], produces [application/alps+json || */*]}: descriptor(RootResourceInformation)
	{OPTIONS [/profile/{repository}], produces [application/alps+json]}: alpsOptions()
2023-04-17 16:45:09,914 DEBUG org.springframework.web.servlet.handler.AbstractHandlerMethodMapping [main] 
	o.s.d.r.w.ProfileController:
	{GET [/profile]}: listAllFormsOfMetadata()
	{OPTIONS [/profile]}: profileOptions()
2023-04-17 16:45:09,989 INFO org.apache.juli.logging.DirectJDKLog [main] Starting ProtocolHandler ["http-nio-8080"]
2023-04-17 16:45:10,024 INFO org.springframework.boot.StartupInfoLogger [main] Started HappDeporteApplication in 5.489 seconds (JVM running for 6.088)
2023-04-17 16:45:33,836 INFO org.apache.juli.logging.DirectJDKLog [http-nio-8080-exec-1] Initializing Spring DispatcherServlet 'dispatcherServlet'
2023-04-17 16:45:33,978 DEBUG com.svalero.happDeporte.controller.UserController [http-nio-8080-exec-1] Begin addUsers
2023-04-17 16:45:34,043 DEBUG com.svalero.happDeporte.controller.UserController [http-nio-8080-exec-1] End addUsers
2023-04-17 16:45:37,881 DEBUG com.zaxxer.hikari.pool.HikariPool [HikariPool-1 housekeeper] HikariPool-1 - Pool stats (total=10, active=0, idle=10, waiting=0)
2023-04-17 16:45:37,881 DEBUG com.zaxxer.hikari.pool.HikariPool [HikariPool-1 housekeeper] HikariPool-1 - Fill pool skipped, pool is at sufficient level.
2023-04-17 16:46:07,896 DEBUG com.zaxxer.hikari.pool.HikariPool [HikariPool-1 housekeeper] HikariPool-1 - Pool stats (total=10, active=0, idle=10, waiting=0)
2023-04-17 16:46:07,896 DEBUG com.zaxxer.hikari.pool.HikariPool [HikariPool-1 housekeeper] HikariPool-1 - Fill pool skipped, pool is at sufficient level.
2023-04-17 16:46:08,985 WARN org.springframework.web.servlet.handler.AbstractHandlerExceptionResolver [http-nio-8080-exec-3] Resolved [org.springframework.web.HttpRequestMethodNotSupportedException: Request method 'POST' not supported]
2023-04-17 16:46:37,909 DEBUG com.zaxxer.hikari.pool.HikariPool [HikariPool-1 housekeeper] HikariPool-1 - Pool stats (total=10, active=0, idle=10, waiting=0)
2023-04-17 16:46:37,909 DEBUG com.zaxxer.hikari.pool.HikariPool [HikariPool-1 housekeeper] HikariPool-1 - Fill pool skipped, pool is at sufficient level.
2023-04-17 16:47:07,924 DEBUG com.zaxxer.hikari.pool.HikariPool [HikariPool-1 housekeeper] HikariPool-1 - Pool stats (total=10, active=0, idle=10, waiting=0)
2023-04-17 16:47:07,924 DEBUG com.zaxxer.hikari.pool.HikariPool [HikariPool-1 housekeeper] HikariPool-1 - Fill pool skipped, pool is at sufficient level.
2023-04-17 16:47:22,490 ERROR com.svalero.happDeporte.controller.UserController [http-nio-8080-exec-5] Validation failed for argument [0] in public org.springframework.http.ResponseEntity<com.svalero.happDeporte.domain.User> com.svalero.happDeporte.controller.UserController.addUser(com.svalero.happDeporte.domain.User) with 4 errors: [Field error in object 'user' on field 'username': rejected value [null]; codes [NotNull.user.username,NotNull.username,NotNull.java.lang.String,NotNull]; arguments [org.springframework.context.support.DefaultMessageSourceResolvable: codes [user.username,username]; arguments []; default message [username]]; default message [El campo es obligatorio]] [Field error in object 'user' on field 'username': rejected value [null]; codes [NotBlank.user.username,NotBlank.username,NotBlank.java.lang.String,NotBlank]; arguments [org.springframework.context.support.DefaultMessageSourceResolvable: codes [user.username,username]; arguments []; default message [username]]; default message [El campo no puede estar en blanco]] [Field error in object 'user' on field 'pass': rejected value [null]; codes [NotNull.user.pass,NotNull.pass,NotNull.java.lang.String,NotNull]; arguments [org.springframework.context.support.DefaultMessageSourceResolvable: codes [user.pass,pass]; arguments []; default message [pass]]; default message [El campo es obligatorio]] [Field error in object 'user' on field 'pass': rejected value [null]; codes [NotBlank.user.pass,NotBlank.pass,NotBlank.java.lang.String,NotBlank]; arguments [org.springframework.context.support.DefaultMessageSourceResolvable: codes [user.pass,pass]; arguments []; default message [pass]]; default message [El campo no puede estar en blanco]] 
org.springframework.web.bind.MethodArgumentNotValidException: Validation failed for argument [0] in public org.springframework.http.ResponseEntity<com.svalero.happDeporte.domain.User> com.svalero.happDeporte.controller.UserController.addUser(com.svalero.happDeporte.domain.User) with 4 errors: [Field error in object 'user' on field 'username': rejected value [null]; codes [NotNull.user.username,NotNull.username,NotNull.java.lang.String,NotNull]; arguments [org.springframework.context.support.DefaultMessageSourceResolvable: codes [user.username,username]; arguments []; default message [username]]; default message [El campo es obligatorio]] [Field error in object 'user' on field 'username': rejected value [null]; codes [NotBlank.user.username,NotBlank.username,NotBlank.java.lang.String,NotBlank]; arguments [org.springframework.context.support.DefaultMessageSourceResolvable: codes [user.username,username]; arguments []; default message [username]]; default message [El campo no puede estar en blanco]] [Field error in object 'user' on field 'pass': rejected value [null]; codes [NotNull.user.pass,NotNull.pass,NotNull.java.lang.String,NotNull]; arguments [org.springframework.context.support.DefaultMessageSourceResolvable: codes [user.pass,pass]; arguments []; default message [pass]]; default message [El campo es obligatorio]] [Field error in object 'user' on field 'pass': rejected value [null]; codes [NotBlank.user.pass,NotBlank.pass,NotBlank.java.lang.String,NotBlank]; arguments [org.springframework.context.support.DefaultMessageSourceResolvable: codes [user.pass,pass]; arguments []; default message [pass]]; default message [El campo no puede estar en blanco]] 
	at org.springframework.web.servlet.mvc.method.annotation.RequestResponseBodyMethodProcessor.resolveArgument(RequestResponseBodyMethodProcessor.java:141)
	at org.springframework.web.method.support.HandlerMethodArgumentResolverComposite.resolveArgument(HandlerMethodArgumentResolverComposite.java:122)
	at org.springframework.web.method.support.InvocableHandlerMethod.getMethodArgumentValues(InvocableHandlerMethod.java:179)
	at org.springframework.web.method.support.InvocableHandlerMethod.invokeForRequest(InvocableHandlerMethod.java:146)
	at org.springframework.web.servlet.mvc.method.annotation.ServletInvocableHandlerMethod.invokeAndHandle(ServletInvocableHandlerMethod.java:117)
	at org.springframework.web.servlet.mvc.method.annotation.RequestMappingHandlerAdapter.invokeHandlerMethod(RequestMappingHandlerAdapter.java:895)
	at org.springframework.web.servlet.mvc.method.annotation.RequestMappingHandlerAdapter.handleInternal(RequestMappingHandlerAdapter.java:808)
	at org.springframework.web.servlet.mvc.method.AbstractHandlerMethodAdapter.handle(AbstractHandlerMethodAdapter.java:87)
	at org.springframework.web.servlet.DispatcherServlet.doDispatch(DispatcherServlet.java:1071)
	at org.springframework.web.servlet.DispatcherServlet.doService(DispatcherServlet.java:964)
	at org.springframework.web.servlet.FrameworkServlet.processRequest(FrameworkServlet.java:1006)
	at org.springframework.web.servlet.FrameworkServlet.doPost(FrameworkServlet.java:909)
	at javax.servlet.http.HttpServlet.service(HttpServlet.java:696)
	at org.springframework.web.servlet.FrameworkServlet.service(FrameworkServlet.java:883)
	at javax.servlet.http.HttpServlet.service(HttpServlet.java:779)
	at org.apache.catalina.core.ApplicationFilterChain.internalDoFilter(ApplicationFilterChain.java:227)
	at org.apache.catalina.core.ApplicationFilterChain.doFilter(ApplicationFilterChain.java:162)
	at org.apache.tomcat.websocket.server.WsFilter.doFilter(WsFilter.java:53)
	at org.apache.catalina.core.ApplicationFilterChain.internalDoFilter(ApplicationFilterChain.java:189)
	at org.apache.catalina.core.ApplicationFilterChain.doFilter(ApplicationFilterChain.java:162)
	at org.springframework.web.filter.RequestContextFilter.doFilterInternal(RequestContextFilter.java:100)
	at org.springframework.web.filter.OncePerRequestFilter.doFilter(OncePerRequestFilter.java:117)
	at org.apache.catalina.core.ApplicationFilterChain.internalDoFilter(ApplicationFilterChain.java:189)
	at org.apache.catalina.core.ApplicationFilterChain.doFilter(ApplicationFilterChain.java:162)
	at org.springframework.web.filter.FormContentFilter.doFilterInternal(FormContentFilter.java:93)
	at org.springframework.web.filter.OncePerRequestFilter.doFilter(OncePerRequestFilter.java:117)
	at org.apache.catalina.core.ApplicationFilterChain.internalDoFilter(ApplicationFilterChain.java:189)
	at org.apache.catalina.core.ApplicationFilterChain.doFilter(ApplicationFilterChain.java:162)
	at org.springframework.web.filter.CharacterEncodingFilter.doFilterInternal(CharacterEncodingFilter.java:201)
	at org.springframework.web.filter.OncePerRequestFilter.doFilter(OncePerRequestFilter.java:117)
	at org.apache.catalina.core.ApplicationFilterChain.internalDoFilter(ApplicationFilterChain.java:189)
	at org.apache.catalina.core.ApplicationFilterChain.doFilter(ApplicationFilterChain.java:162)
	at org.apache.catalina.core.StandardWrapperValve.invoke(StandardWrapperValve.java:197)
	at org.apache.catalina.core.StandardContextValve.invoke(StandardContextValve.java:97)
	at org.apache.catalina.authenticator.AuthenticatorBase.invoke(AuthenticatorBase.java:541)
	at org.apache.catalina.core.StandardHostValve.invoke(StandardHostValve.java:135)
	at org.apache.catalina.valves.ErrorReportValve.invoke(ErrorReportValve.java:92)
	at org.apache.catalina.core.StandardEngineValve.invoke(StandardEngineValve.java:78)
	at org.apache.catalina.connector.CoyoteAdapter.service(CoyoteAdapter.java:360)
	at org.apache.coyote.http11.Http11Processor.service(Http11Processor.java:399)
	at org.apache.coyote.AbstractProcessorLight.process(AbstractProcessorLight.java:65)
	at org.apache.coyote.AbstractProtocol$ConnectionHandler.process(AbstractProtocol.java:893)
	at org.apache.tomcat.util.net.NioEndpoint$SocketProcessor.doRun(NioEndpoint.java:1789)
	at org.apache.tomcat.util.net.SocketProcessorBase.run(SocketProcessorBase.java:49)
	at org.apache.tomcat.util.threads.ThreadPoolExecutor.runWorker(ThreadPoolExecutor.java:1191)
	at org.apache.tomcat.util.threads.ThreadPoolExecutor$Worker.run(ThreadPoolExecutor.java:659)
	at org.apache.tomcat.util.threads.TaskThread$WrappingRunnable.run(TaskThread.java:61)
	at java.base/java.lang.Thread.run(Thread.java:833)
2023-04-17 16:47:37,932 DEBUG com.zaxxer.hikari.pool.HikariPool [HikariPool-1 housekeeper] HikariPool-1 - Pool stats (total=10, active=0, idle=10, waiting=0)
2023-04-17 16:47:37,932 DEBUG com.zaxxer.hikari.pool.HikariPool [HikariPool-1 housekeeper] HikariPool-1 - Fill pool skipped, pool is at sufficient level.
2023-04-17 16:48:07,942 DEBUG com.zaxxer.hikari.pool.HikariPool [HikariPool-1 housekeeper] HikariPool-1 - Pool stats (total=10, active=0, idle=10, waiting=0)
2023-04-17 16:48:07,942 DEBUG com.zaxxer.hikari.pool.HikariPool [HikariPool-1 housekeeper] HikariPool-1 - Fill pool skipped, pool is at sufficient level.
2023-04-17 16:48:37,944 DEBUG com.zaxxer.hikari.pool.HikariPool [HikariPool-1 housekeeper] HikariPool-1 - Pool stats (total=10, active=0, idle=10, waiting=0)
2023-04-17 16:48:37,944 DEBUG com.zaxxer.hikari.pool.HikariPool [HikariPool-1 housekeeper] HikariPool-1 - Fill pool skipped, pool is at sufficient level.
2023-04-17 16:49:07,948 DEBUG com.zaxxer.hikari.pool.HikariPool [HikariPool-1 housekeeper] HikariPool-1 - Pool stats (total=10, active=0, idle=10, waiting=0)
2023-04-17 16:49:07,948 DEBUG com.zaxxer.hikari.pool.HikariPool [HikariPool-1 housekeeper] HikariPool-1 - Fill pool skipped, pool is at sufficient level.
2023-04-17 16:49:37,962 DEBUG com.zaxxer.hikari.pool.HikariPool [HikariPool-1 housekeeper] HikariPool-1 - Pool stats (total=10, active=0, idle=10, waiting=0)
2023-04-17 16:49:37,962 DEBUG com.zaxxer.hikari.pool.HikariPool [HikariPool-1 housekeeper] HikariPool-1 - Fill pool skipped, pool is at sufficient level.
2023-04-17 16:50:07,965 DEBUG com.zaxxer.hikari.pool.HikariPool [HikariPool-1 housekeeper] HikariPool-1 - Pool stats (total=10, active=0, idle=10, waiting=0)
2023-04-17 16:50:07,965 DEBUG com.zaxxer.hikari.pool.HikariPool [HikariPool-1 housekeeper] HikariPool-1 - Fill pool skipped, pool is at sufficient level.
2023-04-17 16:50:28,793 WARN org.springframework.web.servlet.handler.AbstractHandlerExceptionResolver [http-nio-8080-exec-8] Resolved [org.springframework.web.HttpRequestMethodNotSupportedException: Request method 'POST' not supported]
2023-04-17 16:50:37,979 DEBUG com.zaxxer.hikari.pool.HikariPool [HikariPool-1 housekeeper] HikariPool-1 - Pool stats (total=10, active=0, idle=10, waiting=0)
2023-04-17 16:50:37,979 DEBUG com.zaxxer.hikari.pool.HikariPool [HikariPool-1 housekeeper] HikariPool-1 - Fill pool skipped, pool is at sufficient level.
2023-04-17 16:50:42,068 WARN org.springframework.web.servlet.handler.AbstractHandlerExceptionResolver [http-nio-8080-exec-9] Resolved [org.springframework.web.HttpRequestMethodNotSupportedException: Request method 'POST' not supported]
2023-04-17 16:51:07,991 DEBUG com.zaxxer.hikari.pool.HikariPool [HikariPool-1 housekeeper] HikariPool-1 - Pool stats (total=10, active=0, idle=10, waiting=0)
2023-04-17 16:51:07,991 DEBUG com.zaxxer.hikari.pool.HikariPool [HikariPool-1 housekeeper] HikariPool-1 - Fill pool skipped, pool is at sufficient level.
2023-04-17 16:51:37,994 DEBUG com.zaxxer.hikari.pool.HikariPool [HikariPool-1 housekeeper] HikariPool-1 - Pool stats (total=10, active=0, idle=10, waiting=0)
2023-04-17 16:51:37,994 DEBUG com.zaxxer.hikari.pool.HikariPool [HikariPool-1 housekeeper] HikariPool-1 - Fill pool skipped, pool is at sufficient level.
2023-04-17 16:52:08,009 DEBUG com.zaxxer.hikari.pool.HikariPool [HikariPool-1 housekeeper] HikariPool-1 - Pool stats (total=10, active=0, idle=10, waiting=0)
2023-04-17 16:52:08,009 DEBUG com.zaxxer.hikari.pool.HikariPool [HikariPool-1 housekeeper] HikariPool-1 - Fill pool skipped, pool is at sufficient level.
2023-04-17 16:52:38,016 DEBUG com.zaxxer.hikari.pool.HikariPool [HikariPool-1 housekeeper] HikariPool-1 - Pool stats (total=10, active=0, idle=10, waiting=0)
2023-04-17 16:52:38,016 DEBUG com.zaxxer.hikari.pool.HikariPool [HikariPool-1 housekeeper] HikariPool-1 - Fill pool skipped, pool is at sufficient level.
2023-04-17 16:53:08,021 DEBUG com.zaxxer.hikari.pool.HikariPool [HikariPool-1 housekeeper] HikariPool-1 - Pool stats (total=10, active=0, idle=10, waiting=0)
2023-04-17 16:53:08,021 DEBUG com.zaxxer.hikari.pool.HikariPool [HikariPool-1 housekeeper] HikariPool-1 - Fill pool skipped, pool is at sufficient level.
2023-04-17 16:53:38,025 DEBUG com.zaxxer.hikari.pool.HikariPool [HikariPool-1 housekeeper] HikariPool-1 - Pool stats (total=10, active=0, idle=10, waiting=0)
2023-04-17 16:53:38,025 DEBUG com.zaxxer.hikari.pool.HikariPool [HikariPool-1 housekeeper] HikariPool-1 - Fill pool skipped, pool is at sufficient level.
2023-04-17 16:54:08,036 DEBUG com.zaxxer.hikari.pool.HikariPool [HikariPool-1 housekeeper] HikariPool-1 - Pool stats (total=10, active=0, idle=10, waiting=0)
2023-04-17 16:54:08,036 DEBUG com.zaxxer.hikari.pool.HikariPool [HikariPool-1 housekeeper] HikariPool-1 - Fill pool skipped, pool is at sufficient level.
2023-04-17 16:54:38,051 DEBUG com.zaxxer.hikari.pool.HikariPool [HikariPool-1 housekeeper] HikariPool-1 - Pool stats (total=10, active=0, idle=10, waiting=0)
2023-04-17 16:54:38,051 DEBUG com.zaxxer.hikari.pool.HikariPool [HikariPool-1 housekeeper] HikariPool-1 - Fill pool skipped, pool is at sufficient level.
2023-04-17 16:55:08,058 DEBUG com.zaxxer.hikari.pool.HikariPool [HikariPool-1 housekeeper] HikariPool-1 - Pool stats (total=10, active=0, idle=10, waiting=0)
2023-04-17 16:55:08,058 DEBUG com.zaxxer.hikari.pool.HikariPool [HikariPool-1 housekeeper] HikariPool-1 - Fill pool skipped, pool is at sufficient level.
2023-04-17 16:55:38,066 DEBUG com.zaxxer.hikari.pool.HikariPool [HikariPool-1 housekeeper] HikariPool-1 - Pool stats (total=10, active=0, idle=10, waiting=0)
2023-04-17 16:55:38,067 DEBUG com.zaxxer.hikari.pool.HikariPool [HikariPool-1 housekeeper] HikariPool-1 - Fill pool skipped, pool is at sufficient level.
2023-04-17 16:56:08,077 DEBUG com.zaxxer.hikari.pool.HikariPool [HikariPool-1 housekeeper] HikariPool-1 - Pool stats (total=10, active=0, idle=10, waiting=0)
2023-04-17 16:56:08,077 DEBUG com.zaxxer.hikari.pool.HikariPool [HikariPool-1 housekeeper] HikariPool-1 - Fill pool skipped, pool is at sufficient level.
2023-04-17 16:56:38,088 DEBUG com.zaxxer.hikari.pool.HikariPool [HikariPool-1 housekeeper] HikariPool-1 - Pool stats (total=10, active=0, idle=10, waiting=0)
2023-04-17 16:56:38,088 DEBUG com.zaxxer.hikari.pool.HikariPool [HikariPool-1 housekeeper] HikariPool-1 - Fill pool skipped, pool is at sufficient level.
2023-04-17 16:57:08,102 DEBUG com.zaxxer.hikari.pool.HikariPool [HikariPool-1 housekeeper] HikariPool-1 - Pool stats (total=10, active=0, idle=10, waiting=0)
2023-04-17 16:57:08,103 DEBUG com.zaxxer.hikari.pool.HikariPool [HikariPool-1 housekeeper] HikariPool-1 - Fill pool skipped, pool is at sufficient level.
2023-04-17 16:57:38,116 DEBUG com.zaxxer.hikari.pool.HikariPool [HikariPool-1 housekeeper] HikariPool-1 - Pool stats (total=10, active=0, idle=10, waiting=0)
2023-04-17 16:57:38,116 DEBUG com.zaxxer.hikari.pool.HikariPool [HikariPool-1 housekeeper] HikariPool-1 - Fill pool skipped, pool is at sufficient level.
2023-04-17 16:58:08,132 DEBUG com.zaxxer.hikari.pool.HikariPool [HikariPool-1 housekeeper] HikariPool-1 - Pool stats (total=10, active=0, idle=10, waiting=0)
2023-04-17 16:58:08,132 DEBUG com.zaxxer.hikari.pool.HikariPool [HikariPool-1 housekeeper] HikariPool-1 - Fill pool skipped, pool is at sufficient level.
2023-04-17 16:58:38,147 DEBUG com.zaxxer.hikari.pool.HikariPool [HikariPool-1 housekeeper] HikariPool-1 - Pool stats (total=10, active=0, idle=10, waiting=0)
2023-04-17 16:58:38,147 DEBUG com.zaxxer.hikari.pool.HikariPool [HikariPool-1 housekeeper] HikariPool-1 - Fill pool skipped, pool is at sufficient level.
2023-04-17 16:59:08,160 DEBUG com.zaxxer.hikari.pool.HikariPool [HikariPool-1 housekeeper] HikariPool-1 - Pool stats (total=10, active=0, idle=10, waiting=0)
2023-04-17 16:59:08,160 DEBUG com.zaxxer.hikari.pool.HikariPool [HikariPool-1 housekeeper] HikariPool-1 - Fill pool skipped, pool is at sufficient level.
2023-04-17 16:59:38,177 DEBUG com.zaxxer.hikari.pool.HikariPool [HikariPool-1 housekeeper] HikariPool-1 - Pool stats (total=10, active=0, idle=10, waiting=0)
2023-04-17 16:59:38,177 DEBUG com.zaxxer.hikari.pool.HikariPool [HikariPool-1 housekeeper] HikariPool-1 - Fill pool skipped, pool is at sufficient level.
2023-04-17 17:00:08,180 DEBUG com.zaxxer.hikari.pool.HikariPool [HikariPool-1 housekeeper] HikariPool-1 - Pool stats (total=10, active=0, idle=10, waiting=0)
2023-04-17 17:00:08,180 DEBUG com.zaxxer.hikari.pool.HikariPool [HikariPool-1 housekeeper] HikariPool-1 - Fill pool skipped, pool is at sufficient level.
2023-04-17 17:00:22,102 INFO com.zaxxer.hikari.HikariDataSource [SpringApplicationShutdownHook] HikariPool-1 - Shutdown initiated...
2023-04-17 17:00:22,102 DEBUG com.zaxxer.hikari.pool.HikariPool [SpringApplicationShutdownHook] HikariPool-1 - Before shutdown stats (total=10, active=0, idle=10, waiting=0)
2023-04-17 17:00:22,104 DEBUG com.zaxxer.hikari.pool.PoolBase [HikariPool-1 connection closer] HikariPool-1 - Closing connection conn0: url=jdbc:h2:file:H:/BBDD/happdeporte.db user=SA: (connection evicted)
2023-04-17 17:00:22,105 DEBUG com.zaxxer.hikari.pool.PoolBase [HikariPool-1 connection closer] HikariPool-1 - Closing connection conn1: url=jdbc:h2:file:H:/BBDD/happdeporte.db user=SA: (connection evicted)
2023-04-17 17:00:22,105 DEBUG com.zaxxer.hikari.pool.PoolBase [HikariPool-1 connection closer] HikariPool-1 - Closing connection conn2: url=jdbc:h2:file:H:/BBDD/happdeporte.db user=SA: (connection evicted)
2023-04-17 17:00:22,105 DEBUG com.zaxxer.hikari.pool.PoolBase [HikariPool-1 connection closer] HikariPool-1 - Closing connection conn3: url=jdbc:h2:file:H:/BBDD/happdeporte.db user=SA: (connection evicted)
2023-04-17 17:00:22,106 DEBUG com.zaxxer.hikari.pool.PoolBase [HikariPool-1 connection closer] HikariPool-1 - Closing connection conn4: url=jdbc:h2:file:H:/BBDD/happdeporte.db user=SA: (connection evicted)
2023-04-17 17:00:22,106 DEBUG com.zaxxer.hikari.pool.PoolBase [HikariPool-1 connection closer] HikariPool-1 - Closing connection conn5: url=jdbc:h2:file:H:/BBDD/happdeporte.db user=SA: (connection evicted)
2023-04-17 17:00:22,106 DEBUG com.zaxxer.hikari.pool.PoolBase [HikariPool-1 connection closer] HikariPool-1 - Closing connection conn6: url=jdbc:h2:file:H:/BBDD/happdeporte.db user=SA: (connection evicted)
2023-04-17 17:00:22,107 DEBUG com.zaxxer.hikari.pool.PoolBase [HikariPool-1 connection closer] HikariPool-1 - Closing connection conn7: url=jdbc:h2:file:H:/BBDD/happdeporte.db user=SA: (connection evicted)
2023-04-17 17:00:22,107 DEBUG com.zaxxer.hikari.pool.PoolBase [HikariPool-1 connection closer] HikariPool-1 - Closing connection conn8: url=jdbc:h2:file:H:/BBDD/happdeporte.db user=SA: (connection evicted)
2023-04-17 17:00:22,107 DEBUG com.zaxxer.hikari.pool.PoolBase [HikariPool-1 connection closer] HikariPool-1 - Closing connection conn9: url=jdbc:h2:file:H:/BBDD/happdeporte.db user=SA: (connection evicted)
2023-04-17 17:00:22,108 DEBUG com.zaxxer.hikari.pool.HikariPool [SpringApplicationShutdownHook] HikariPool-1 - After shutdown stats (total=0, active=0, idle=0, waiting=0)
2023-04-17 17:00:22,108 INFO com.zaxxer.hikari.HikariDataSource [SpringApplicationShutdownHook] HikariPool-1 - Shutdown completed.
